<?xml version="1.0" encoding="UTF-8"?>
<testng-results skipped="0" failed="0" total="1" passed="1">
  <reporter-output>
  </reporter-output>
  <suite name="Default suite" duration-ms="478" started-at="2018-08-20T12:26:15Z" finished-at="2018-08-20T12:26:16Z">
    <groups>
    </groups>
    <test name="Default test" duration-ms="478" started-at="2018-08-20T12:26:15Z" finished-at="2018-08-20T12:26:16Z">
      <class name="com.qtpselenium.hybrid.driver.CheckExtentReports">
        <test-method status="PASS" signature="doLogin()[pri:0, instance:com.qtpselenium.hybrid.driver.CheckExtentReports@68be2bc2]" name="doLogin" duration-ms="457" started-at="2018-08-20T17:56:15Z" finished-at="2018-08-20T17:56:16Z">
          <reporter-output>
          </reporter-output>
        </test-method> <!-- doLogin -->
      </class> <!-- com.qtpselenium.hybrid.driver.CheckExtentReports -->
    </test> <!-- Default test -->
  </suite> <!-- Default suite -->
</testng-results>
